2025-04-07 02:36:05,789 - INFO - Started scraping task scrape_1743964565_7148 for URL: https://www.facebook.com/Batangas1ElectricCooperativeInc
2025-04-07 02:36:05,795 - INFO - Starting Facebook scraper for URL: https://www.facebook.com/Batangas1ElectricCooperativeInc
2025-04-07 02:36:05,798 - INFO - ====== WebDriver manager ======
2025-04-07 02:36:09,983 - INFO - Get LATEST chromedriver version for google-chrome
2025-04-07 02:36:10,251 - INFO - Get LATEST chromedriver version for google-chrome
2025-04-07 02:36:10,394 - INFO - Driver [C:\Users\senze\.wdm\drivers\chromedriver\win64\135.0.7049.42\chromedriver-win32/chromedriver.exe] found in cache
2025-04-07 02:36:13,338 - INFO - Loading page: https://www.facebook.com/Batangas1ElectricCooperativeInc
2025-04-07 02:36:21,996 - INFO - Attempting to close initial pop-ups...
2025-04-07 02:36:42,676 - INFO - Found and clicking login close button: //div[@aria-label='Close' and @role='button']
2025-04-07 02:36:44,362 - INFO - Login popup likely closed.
2025-04-07 02:36:46,408 - INFO - Scrolling attempt 1/15
2025-04-07 02:37:05,008 - INFO - Found approx 10 potential post elements on page.
2025-04-07 02:37:05,014 - INFO - Scroll height increased to 5316.
2025-04-07 02:37:05,021 - INFO - Scrolling attempt 2/15
2025-04-07 02:37:24,425 - INFO - Found approx 10 potential post elements on page.
2025-04-07 02:37:24,427 - INFO - Scroll height increased to 987.
2025-04-07 02:37:24,428 - INFO - Scrolling attempt 3/15
2025-04-07 02:37:42,986 - INFO - Found approx 10 potential post elements on page.
2025-04-07 02:37:42,989 - WARNING - Scroll height did not change. Streak: 1
2025-04-07 02:37:42,990 - INFO - Scrolling attempt 4/15
2025-04-07 02:38:01,937 - INFO - Found approx 10 potential post elements on page.
2025-04-07 02:38:01,942 - WARNING - Scroll height did not change. Streak: 2
2025-04-07 02:38:01,945 - INFO - Scrolling attempt 5/15
2025-04-07 02:38:20,844 - INFO - Found approx 10 potential post elements on page.
2025-04-07 02:38:20,848 - WARNING - Scroll height did not change. Streak: 3
2025-04-07 02:38:20,851 - WARNING - Scroll height unchanged for 3 consecutive scrolls. Ending scroll.
2025-04-07 02:38:23,853 - INFO - Finished scrolling. Finding post elements for data extraction...
2025-04-07 02:38:23,871 - INFO - Found 10 final post elements to process.
2025-04-07 02:38:23,873 - INFO - Processing post 1/10
2025-04-07 02:38:24,272 - INFO - Found timestamp: 1d
2025-04-07 02:38:24,273 - INFO - Processing post 2/10
2025-04-07 02:38:24,740 - INFO - Found timestamp: 1d
2025-04-07 02:38:24,742 - INFO - Processing post 3/10
2025-04-07 02:38:24,962 - INFO - Found timestamp: 2d
2025-04-07 02:38:24,964 - INFO - Processing post 4/10
2025-04-07 02:38:25,178 - INFO - Found timestamp: 3d
2025-04-07 02:38:25,179 - INFO - Processing post 5/10
2025-04-07 02:38:25,352 - INFO - Found timestamp: 2d
2025-04-07 02:38:25,365 - INFO - Processing post 6/10
2025-04-07 02:38:25,424 - INFO - Found 'See more' button using selector: .//div[text()='See more']
2025-04-07 02:38:26,987 - WARNING - 'See more' button click was intercepted, trying JavaScript
2025-04-07 02:38:27,373 - INFO - Used JavaScript to click 'See more' button
2025-04-07 02:38:29,417 - INFO - Found timestamp: 3d
2025-04-07 02:38:29,418 - INFO - Processing post 7/10
2025-04-07 02:38:29,861 - INFO - Found timestamp: 3d
2025-04-07 02:38:29,863 - INFO - Processing post 8/10
2025-04-07 02:38:30,044 - INFO - Found timestamp: 3d
2025-04-07 02:38:30,046 - INFO - Processing post 9/10
2025-04-07 02:38:30,206 - WARNING - Post 9 did not yield text or images with current selectors.
2025-04-07 02:38:30,208 - INFO - Processing post 10/10
2025-04-07 02:38:30,360 - WARNING - Post 10 did not yield text or images with current selectors.
2025-04-07 02:38:30,364 - INFO - JSON data saved as data\facebook_data_20250407_023605_1.json
2025-04-07 02:38:30,366 - INFO - Getting full page source...
2025-04-07 02:38:30,804 - INFO - Page HTML saved as data\facebook_page_20250407_023605_1.html
2025-04-07 02:38:35,283 - INFO - Driver closed.
2025-04-07 02:38:35,286 - INFO - Scraping completed in 149.49 seconds
2025-04-07 02:38:35,289 - INFO - Task scrape_1743964565_7148 completed successfully with 8 posts
2025-04-07 02:58:00,057 - INFO - Started scraping task scrape_1743965880_9845 for URL: https://www.facebook.com/Batangas1ElectricCooperativeInc
2025-04-07 02:58:00,067 - INFO - Starting Facebook scraper for URL: https://www.facebook.com/Batangas1ElectricCooperativeInc
2025-04-07 02:58:00,072 - INFO - ====== WebDriver manager ======
2025-04-07 02:58:03,644 - INFO - Get LATEST chromedriver version for google-chrome
2025-04-07 02:58:03,816 - INFO - Get LATEST chromedriver version for google-chrome
2025-04-07 02:58:03,887 - INFO - Driver [C:\Users\senze\.wdm\drivers\chromedriver\win64\135.0.7049.42\chromedriver-win32/chromedriver.exe] found in cache
2025-04-07 02:58:06,574 - INFO - Loading page: https://www.facebook.com/Batangas1ElectricCooperativeInc
2025-04-07 02:58:15,800 - INFO - Attempting to close initial pop-ups...
2025-04-07 02:58:38,099 - INFO - Found and clicking login close button: //div[@aria-label='Close' and @role='button']
2025-04-07 02:58:39,700 - INFO - Login popup likely closed.
2025-04-07 02:58:41,812 - INFO - Scrolling attempt 1/15
2025-04-07 02:59:00,109 - INFO - Found approx 10 potential post elements on page.
2025-04-07 02:59:00,116 - INFO - Scroll height increased to 5316.
2025-04-07 02:59:00,118 - INFO - Scrolling attempt 2/15
2025-04-07 02:59:20,379 - INFO - Found approx 10 potential post elements on page.
2025-04-07 02:59:20,381 - INFO - Scroll height increased to 987.
2025-04-07 02:59:20,383 - INFO - Scrolling attempt 3/15
2025-04-07 02:59:38,597 - INFO - Found approx 10 potential post elements on page.
2025-04-07 02:59:38,599 - WARNING - Scroll height did not change. Streak: 1
2025-04-07 02:59:38,601 - INFO - Scrolling attempt 4/15
2025-04-07 02:59:56,990 - INFO - Found approx 10 potential post elements on page.
2025-04-07 02:59:56,992 - WARNING - Scroll height did not change. Streak: 2
2025-04-07 02:59:56,994 - INFO - Scrolling attempt 5/15
2025-04-07 03:00:15,438 - INFO - Found approx 10 potential post elements on page.
2025-04-07 03:00:15,440 - WARNING - Scroll height did not change. Streak: 3
2025-04-07 03:00:15,441 - WARNING - Scroll height unchanged for 3 consecutive scrolls. Ending scroll.
2025-04-07 03:00:18,443 - INFO - Finished scrolling. Finding post elements for data extraction...
2025-04-07 03:00:18,459 - INFO - Found 10 final post elements to process.
2025-04-07 03:00:18,460 - INFO - Processing post 1/10
2025-04-07 03:00:19,015 - INFO - Found timestamp: 1d
2025-04-07 03:00:19,016 - INFO - Processing post 2/10
2025-04-07 03:00:19,463 - INFO - Found timestamp: 1d
2025-04-07 03:00:19,465 - INFO - Processing post 3/10
2025-04-07 03:00:19,638 - INFO - Found timestamp: 2d
2025-04-07 03:00:19,640 - INFO - Processing post 4/10
2025-04-07 03:00:19,884 - INFO - Found timestamp: 3d
2025-04-07 03:00:19,885 - INFO - Processing post 5/10
2025-04-07 03:00:20,061 - INFO - Found timestamp: 2d
2025-04-07 03:00:20,062 - INFO - Processing post 6/10
2025-04-07 03:00:20,114 - INFO - Found 'See more' button using selector: .//div[text()='See more']
2025-04-07 03:00:21,446 - WARNING - 'See more' button click was intercepted, trying JavaScript
2025-04-07 03:00:21,727 - INFO - Used JavaScript to click 'See more' button
2025-04-07 03:00:23,487 - INFO - Found timestamp: 3d
2025-04-07 03:00:23,489 - INFO - Processing post 7/10
2025-04-07 03:00:23,657 - INFO - Found timestamp: 3d
2025-04-07 03:00:23,658 - INFO - Processing post 8/10
2025-04-07 03:00:23,830 - INFO - Found timestamp: 3d
2025-04-07 03:00:23,831 - INFO - Processing post 9/10
2025-04-07 03:00:24,003 - WARNING - Post 9 did not yield text or images with current selectors.
2025-04-07 03:00:24,004 - INFO - Processing post 10/10
2025-04-07 03:00:24,174 - WARNING - Post 10 did not yield text or images with current selectors.
2025-04-07 03:00:24,179 - INFO - JSON data saved as string\facebook_data_20250407_025800_1.json
2025-04-07 03:00:26,513 - INFO - Driver closed.
2025-04-07 03:00:26,515 - INFO - Scraping completed in 146.44 seconds
2025-04-07 03:00:26,516 - INFO - Task scrape_1743965880_9845 completed successfully with 8 posts
